resolving dependencies...
looking for conflicting packages...

Package (1)           New Version  Net Change  Download Size

cachyos-extra-v3/lsd  1.2.0-1.1      3.37 MiB       1.27 MiB

Total Download Size:   1.27 MiB
Total Installed Size:  3.37 MiB

:: Proceed with installation? [Y/n] 
:: Retrieving packages...
 lsd-1.2.0-1.1-x86_64_v3 downloading...
checking keyring...
checking package integrity...
loading package files...
checking for file conflicts...
checking available disk space...
:: Processing package changes...
installing lsd...
Optional dependencies for lsd
    nerd-fonts
    awesome-terminal-fonts [installed]
:: Running post-transaction hooks...
(1/1) Arming ConditionNeedsUpdate...
resolving dependencies...
looking for conflicting packages...

Package (1)                 New Version  Net Change  Download Size

cachyos-extra-v3/mercurial  7.1.2-1.1     34.42 MiB       6.15 MiB

Total Download Size:    6.15 MiB
Total Installed Size:  34.42 MiB

:: Proceed with installation? [Y/n] 
:: Retrieving packages...
 mercurial-7.1.2-1.1-x86_64_v3 downloading...
checking keyring...
checking package integrity...
loading package files...
checking for file conflicts...
checking available disk space...
:: Processing package changes...
installing mercurial...
Optional dependencies for mercurial
    tk: for the hgk GUI
:: Running post-transaction hooks...
(1/1) Arming ConditionNeedsUpdate...
resolving dependencies...
looking for conflicting packages...

Package (1)           New Version  Net Change  Download Size

cachyos-extra-v3/zsh  5.9-5.1        6.76 MiB       2.32 MiB

Total Download Size:   2.32 MiB
Total Installed Size:  6.76 MiB

:: Proceed with installation? [Y/n] 
:: Retrieving packages...
 zsh-5.9-5.1-x86_64 downloading...
checking keyring...
checking package integrity...
loading package files...
checking for file conflicts...
checking available disk space...
:: Processing package changes...
installing zsh...
:: Running post-transaction hooks...
(1/1) Arming ConditionNeedsUpdate...
resolving dependencies...
looking for conflicting packages...

Package (1)            New Version  Net Change  Download Size

extra/zsh-completions  0.35.0-3       1.34 MiB       0.25 MiB

Total Download Size:   0.25 MiB
Total Installed Size:  1.34 MiB

:: Proceed with installation? [Y/n] 
:: Retrieving packages...
 zsh-completions-0.35.0-3-any downloading...
checking keyring...
checking package integrity...
loading package files...
checking for file conflicts...
checking available disk space...
:: Processing package changes...
installing zsh-completions...
:: Running post-transaction hooks...
(1/1) Arming ConditionNeedsUpdate...
[31m[ERROR][m Authentication failed. Please enter the correct password.
[34m[INFO][m Shell changed successfully to [35mzsh[msudo: 1 incorrect password attempt
