resolving dependencies...
looking for conflicting packages...

Package (2)                                   New Version  Net Change  Download Size

cachyos-extra-v3/xdg-desktop-portal           1.20.3-2.1     1.88 MiB       0.45 MiB
cachyos-extra-v3/xdg-desktop-portal-hyprland  1.3.11-3.1     0.69 MiB       0.25 MiB

Total Download Size:   0.70 MiB
Total Installed Size:  2.57 MiB

:: Proceed with installation? [Y/n] 
:: Retrieving packages...
 xdg-desktop-portal-1.20.3-2.1-x86_64_v3 downloading...
 xdg-desktop-portal-hyprland-1.3.11-3.1-x86_64_v3 downloading...
checking keyring...
checking package integrity...
loading package files...
checking for file conflicts...
checking available disk space...
:: Processing package changes...
installing xdg-desktop-portal...
Optional dependencies for xdg-desktop-portal
    geoclue: Geolocation portal
    xdg-desktop-portal-impl: Portal backends [pending]
installing xdg-desktop-portal-hyprland...
Optional dependencies for xdg-desktop-portal-hyprland
    grim: required for the screenshot portal to function [installed]
    slurp: support for interactive mode for the screenshot portal [installed]
:: Running post-transaction hooks...
(1/2) Reloading user manager configuration...
(2/2) Arming ConditionNeedsUpdate...
resolving dependencies...
looking for conflicting packages...

Package (1)                              New Version  Net Change  Download Size

cachyos-extra-v3/xdg-desktop-portal-gtk  1.15.3-1.1     0.43 MiB       0.11 MiB

Total Download Size:   0.11 MiB
Total Installed Size:  0.43 MiB

:: Proceed with installation? [Y/n] 
:: Retrieving packages...
 xdg-desktop-portal-gtk-1.15.3-1.1-x86_64_v3 downloading...
checking keyring...
checking package integrity...
loading package files...
checking for file conflicts...
checking available disk space...
:: Processing package changes...
installing xdg-desktop-portal-gtk...
Optional dependencies for xdg-desktop-portal-gtk
    evince: Print preview
:: Running post-transaction hooks...
(1/3) Reloading user manager configuration...
(2/3) Arming ConditionNeedsUpdate...
(3/3) Updating the desktop file MIME type cache...
resolving dependencies...
looking for conflicting packages...

Package (1)                New Version  Net Change  Download Size

cachyos-extra-v3/umockdev  0.19.1-1.1     0.66 MiB       0.15 MiB

Total Download Size:   0.15 MiB
Total Installed Size:  0.66 MiB

:: Proceed with installation? [Y/n] 
:: Retrieving packages...
 umockdev-0.19.1-1.1-x86_64_v3 downloading...
checking keyring...
checking package integrity...
loading package files...
checking for file conflicts...
checking available disk space...
:: Processing package changes...
installing umockdev...
:: Running post-transaction hooks...
(1/1) Arming ConditionNeedsUpdate...
