resolving dependencies...
looking for conflicting packages...

Package (1)               New Version  Net Change  Download Size

cachyos-extra-v3/blueman  2.4.6-1.1      6.30 MiB       1.36 MiB

Total Download Size:   1.36 MiB
Total Installed Size:  6.30 MiB

:: Proceed with installation? [Y/n] 
:: Retrieving packages...
 blueman-2.4.6-1.1-x86_64_v3 downloading...
checking keyring...
checking package integrity...
loading package files...
checking for file conflicts...
checking available disk space...
:: Processing package changes...
installing blueman...
Optional dependencies for blueman
    dnsmasq: Network Access Point (NAP) support [installed]
    iproute2: Network Access Point (NAP) support [installed]
    networkmanager: Dial Up Networking (DUN) and Personal Area Networking (PAN) support [installed]
    pulseaudio-bluetooth: audio devices support
:: Running post-transaction hooks...
(1/7) Reloading system manager configuration...
(2/7) Reloading user manager configuration...
(3/7) Arming ConditionNeedsUpdate...
(4/7) Reloading system bus configuration...
(5/7) Compiling GSettings XML schema files...
(6/7) Updating icon theme caches...
(7/7) Updating the desktop file MIME type cache...
