resolving dependencies...
looking for conflicting packages...

Package (19)                          New Version       Net Change  Download Size

cachyos-extra-v3/aquamarine           0.10.0-2.1          1.26 MiB       0.38 MiB
cachyos-extra-v3/hyprcursor           0.1.13-3.1          0.70 MiB       0.22 MiB
cachyos-extra-v3/hyprgraphics         0.5.0-1.1           0.20 MiB       0.08 MiB
cachyos-extra-v3/hyprland-guiutils    0.2.1-2.1           0.73 MiB       0.17 MiB
cachyos-extra-v3/hyprtoolkit          0.5.2-1.1           1.39 MiB       0.39 MiB
cachyos-extra-v3/hyprwayland-scanner  0.4.5-1.1           0.22 MiB       0.09 MiB
cachyos-extra-v3/hyprwire             0.2.1-2.1           0.48 MiB       0.17 MiB
cachyos-extra-v3/libei                1.5.0-1.1           0.42 MiB       0.11 MiB
cachyos-extra-v3/libliftoff           0.5.0-1.1           0.04 MiB       0.02 MiB
cachyos-extra-v3/libzip               1.11.4-1.2          0.49 MiB       0.26 MiB
cachyos-extra-v3/muparser             2.3.5-1.2           0.71 MiB       0.19 MiB
cachyos-extra-v3/pugixml              1.15-2.1            0.33 MiB       0.11 MiB
cachyos-extra-v3/re2                  2:2025.11.05-1.1    0.63 MiB       0.23 MiB
cachyos-extra-v3/seatd                0.9.1-1.1           0.11 MiB       0.04 MiB
cachyos-extra-v3/tomlplusplus         3.4.0-1.1           0.86 MiB       0.17 MiB
extra/wayland-protocols               1.47-1              0.94 MiB       0.13 MiB
cachyos-extra-v3/xcb-util-errors      1.0.1-2.1           0.04 MiB       0.01 MiB
cachyos-extra-v3/xorg-xwayland        24.1.9-1.1          2.88 MiB       1.20 MiB
extra/hyprland                        0.53.1-1           59.58 MiB      47.73 MiB

Total Download Size:   51.70 MiB
Total Installed Size:  72.01 MiB

:: Proceed with installation? [Y/n] 
:: Retrieving packages...
 hyprland-0.53.1-1-x86_64 downloading...
 xorg-xwayland-24.1.9-1.1-x86_64_v3 downloading...
 hyprtoolkit-0.5.2-1.1-x86_64_v3 downloading...
 aquamarine-0.10.0-2.1-x86_64_v3 downloading...
 libzip-1.11.4-1.2-x86_64_v3 downloading...
 re2-2:2025.11.05-1.1-x86_64_v3 downloading...
 hyprcursor-0.1.13-3.1-x86_64_v3 downloading...
 muparser-2.3.5-1.2-x86_64_v3 downloading...
 tomlplusplus-3.4.0-1.1-x86_64 downloading...
 hyprwire-0.2.1-2.1-x86_64_v3 downloading...
 hyprland-guiutils-0.2.1-2.1-x86_64_v3 downloading...
 wayland-protocols-1.47-1-any downloading...
 libei-1.5.0-1.1-x86_64_v3 downloading...
 pugixml-1.15-2.1-x86_64_v3 downloading...
 hyprwayland-scanner-0.4.5-1.1-x86_64_v3 downloading...
 hyprgraphics-0.5.0-1.1-x86_64_v3 downloading...
 seatd-0.9.1-1.1-x86_64 downloading...
 libliftoff-0.5.0-1.1-x86_64 downloading...
 xcb-util-errors-1.0.1-2.1-x86_64 downloading...
checking keyring...
checking package integrity...
loading package files...
checking for file conflicts...
checking available disk space...
:: Processing package changes...
installing pugixml...
installing hyprwayland-scanner...
installing seatd...
installing wayland-protocols...
installing aquamarine...
installing libzip...
installing tomlplusplus...
installing hyprcursor...
installing hyprgraphics...
installing hyprtoolkit...
installing hyprland-guiutils...
installing hyprwire...
installing libliftoff...
installing muparser...
installing re2...
installing xcb-util-errors...
installing libei...
installing xorg-xwayland...
installing hyprland...
Optional dependencies for hyprland
    cmake: to build and install plugins using hyprpm
    cpio: to build and install plugins using hyprpm
    glaze: to build and install plugins using hyprpm
    hyprland-protocols: to build and install plugins using hyprpm
    meson: to build and install plugins using hyprpm
    uwsm: an advanced way to start desktop compositors as systemd units
    xdg-desktop-portal-hyprland: xdg-desktop-portal backend for hyprland
:: Running post-transaction hooks...
(1/4) Creating system user accounts...
Creating group 'seat' with GID 960.
(2/4) Reloading system manager configuration...
(3/4) Arming ConditionNeedsUpdate...
(4/4) Updating the desktop file MIME type cache...
resolving dependencies...
looking for conflicting packages...

Package (2)                 New Version  Net Change  Download Size

cachyos-extra-v3/sdbus-cpp  2.2.1-1.1      0.89 MiB       0.24 MiB
cachyos-extra-v3/hypridle   0.1.7-6.1      0.26 MiB       0.11 MiB

Total Download Size:   0.34 MiB
Total Installed Size:  1.14 MiB

:: Proceed with installation? [Y/n] 
:: Retrieving packages...
 sdbus-cpp-2.2.1-1.1-x86_64_v3 downloading...
 hypridle-0.1.7-6.1-x86_64_v3 downloading...
checking keyring...
checking package integrity...
loading package files...
checking for file conflicts...
checking available disk space...
:: Processing package changes...
installing sdbus-cpp...
installing hypridle...
:: Running post-transaction hooks...
(1/2) Reloading user manager configuration...
(2/2) Arming ConditionNeedsUpdate...
resolving dependencies...
looking for conflicting packages...

Package (1)                New Version  Net Change  Download Size

cachyos-extra-v3/hyprlock  0.9.2-8.1      0.83 MiB       0.31 MiB

Total Download Size:   0.31 MiB
Total Installed Size:  0.83 MiB

:: Proceed with installation? [Y/n] 
:: Retrieving packages...
 hyprlock-0.9.2-8.1-x86_64_v3 downloading...
checking keyring...
checking package integrity...
loading package files...
checking for file conflicts...
checking available disk space...
:: Processing package changes...
installing hyprlock...
:: Running post-transaction hooks...
(1/1) Arming ConditionNeedsUpdate...
