resolving dependencies...
looking for conflicting packages...

Package (2)                           New Version  Net Change  Download Size

cachyos-extra-v3/hunspell             1.7.2-2.3      1.46 MiB       0.50 MiB
cachyos-extra-v3/qt6-virtualkeyboard  6.10.1-1.1     6.04 MiB       2.44 MiB

Total Download Size:   2.94 MiB
Total Installed Size:  7.50 MiB

:: Proceed with installation? [Y/n] 
:: Retrieving packages...
 qt6-virtualkeyboard-6.10.1-1.1-x86_64_v3 downloading...
 hunspell-1.7.2-2.3-x86_64 downloading...
checking keyring...
checking package integrity...
loading package files...
checking for file conflicts...
checking available disk space...
:: Processing package changes...
installing hunspell...
Optional dependencies for hunspell
    perl: for ispellaff2myspell [installed]
installing qt6-virtualkeyboard...
:: Running post-transaction hooks...
(1/1) Arming ConditionNeedsUpdate...
resolving dependencies...
looking for conflicting packages...

Package (2)                          New Version          Net Change  Download Size

cachyos-extra-v3/qt5-declarative     5.15.18+kde+r23-1.1   24.51 MiB       5.24 MiB
cachyos-extra-v3/qt5-quickcontrols2  5.15.18+kde+r5-1.1     8.72 MiB       1.55 MiB

Total Download Size:    6.79 MiB
Total Installed Size:  33.23 MiB

:: Proceed with installation? [Y/n] 
:: Retrieving packages...
 qt5-declarative-5.15.18+kde+r23-1.1-x86_64_v3 downloading...
 qt5-quickcontrols2-5.15.18+kde+r5-1.1-x86_64_v3 downloading...
checking keyring...
checking package integrity...
loading package files...
checking for file conflicts...
checking available disk space...
:: Processing package changes...
installing qt5-declarative...
installing qt5-quickcontrols2...
Optional dependencies for qt5-quickcontrols2
    qt5-graphicaleffects: for the Material style
:: Running post-transaction hooks...
(1/1) Arming ConditionNeedsUpdate...
resolving dependencies...
looking for conflicting packages...

Package (1)      New Version  Net Change  Download Size

cachyos-v3/sddm  0.21.0-8       5.33 MiB       3.56 MiB

Total Download Size:   3.56 MiB
Total Installed Size:  5.33 MiB

:: Proceed with installation? [Y/n] 
:: Retrieving packages...
 sddm-0.21.0-8-x86_64_v3 downloading...
checking keyring...
checking package integrity...
loading package files...
checking for file conflicts...
checking available disk space...
:: Processing package changes...
installing sddm...
Optional dependencies for sddm
    qt5-declarative: for using Qt5 themes [installed]
:: Running post-transaction hooks...
(1/5) Creating system user accounts...
Creating group 'sddm' with GID 959.
Creating user 'sddm' (SDDM Greeter Account) with UID 959 and GID 959.
(2/5) Reloading system manager configuration...
(3/5) Creating temporary files...
/usr/lib/tmpfiles.d/systemd.conf:35: Duplicate line for path "/var/lib/systemd/coredump", ignoring.
(4/5) Arming ConditionNeedsUpdate...
(5/5) Reloading system bus configuration...
